<?xml version="1.0" encoding="UTF-8"?>
<!-- Generated by org.testng.reporters.JUnitXMLReporter -->
<testsuite ignored="0" hostname="WIN-LAP-057" failures="0" tests="6" name="LoginTests" time="139.189" errors="0" timestamp="2025-06-13T14:26:34 IST">
  <testcase classname="Fo.Login" name="testloginpage" time="26.212"/>
  <testcase classname="Fo.Login" name="testnegativelogin" time="0.38"/>
  <testcase classname="Fo.Login" name="testnegativepassword" time="2.967"/>
  <testcase classname="Fo.Login" name="testnegativeuserid" time="0.622"/>
  <testcase classname="Fo.Login" name="testpositivepassword" time="0.776"/>
  <testcase classname="Fo.Login" name="testpositiveuserid" time="0.663"/>
</testsuite> <!-- LoginTests -->
